<?xml version="1.0" encoding="UTF-8"?>
<testsuite name="demo.Assignment2ApplicationTests" tests="1" skipped="0" failures="0" errors="0" timestamp="2015-04-19T05:25:46" hostname="neha-PC" time="0.006">
  <properties/>
  <testcase name="contextLoads" classname="demo.Assignment2ApplicationTests" time="0.006"/>
  <system-out><![CDATA[22:25:40.671 [Test worker] DEBUG o.s.t.c.j.SpringJUnit4ClassRunner - SpringJUnit4ClassRunner constructor called with [class demo.Assignment2ApplicationTests].
22:25:40.724 [Test worker] DEBUG o.s.test.context.BootstrapUtils - Instantiating TestContextBootstrapper from class [org.springframework.test.context.support.DefaultTestContextBootstrapper]
22:25:40.778 [Test worker] DEBUG o.s.t.c.s.DefaultTestContextBootstrapper - Found explicit ContextLoader class [org.springframework.boot.test.SpringApplicationContextLoader] for context configuration attributes [ContextConfigurationAttributes@79a0ce4c declaringClass = 'demo.Assignment2ApplicationTests', classes = '{class demo.Assignment2Application}', locations = '{}', inheritLocations = true, initializers = '{}', inheritInitializers = true, name = [null], contextLoaderClass = 'org.springframework.boot.test.SpringApplicationContextLoader']
22:25:40.798 [Test worker] DEBUG o.s.t.c.support.ActiveProfilesUtils - Could not find an 'annotation declaring class' for annotation type [org.springframework.test.context.ActiveProfiles] and class [demo.Assignment2ApplicationTests]
22:25:40.812 [Test worker] DEBUG o.s.t.c.s.DefaultTestContextBootstrapper - @TestExecutionListeners is not present for class [demo.Assignment2ApplicationTests]: using defaults.
22:25:40.834 [Test worker] INFO  o.s.t.c.s.DefaultTestContextBootstrapper - Loaded default TestExecutionListener class names from location [META-INF/spring.factories]: [org.springframework.test.context.web.ServletTestExecutionListener, org.springframework.test.context.support.DependencyInjectionTestExecutionListener, org.springframework.test.context.support.DirtiesContextTestExecutionListener, org.springframework.test.context.transaction.TransactionalTestExecutionListener, org.springframework.test.context.jdbc.SqlScriptsTestExecutionListener]
22:25:40.874 [Test worker] INFO  o.s.t.c.s.DefaultTestContextBootstrapper - Using TestExecutionListeners: [org.springframework.test.context.web.ServletTestExecutionListener@fa01125, org.springframework.test.context.support.DependencyInjectionTestExecutionListener@55c59c26, org.springframework.test.context.support.DirtiesContextTestExecutionListener@208eaec8, org.springframework.test.context.transaction.TransactionalTestExecutionListener@7774dd2a, org.springframework.test.context.jdbc.SqlScriptsTestExecutionListener@19642dab]
22:25:40.882 [Test worker] DEBUG o.s.t.annotation.ProfileValueUtils - Retrieved @ProfileValueSourceConfiguration [null] for test class [demo.Assignment2ApplicationTests]
22:25:40.883 [Test worker] DEBUG o.s.t.annotation.ProfileValueUtils - Retrieved ProfileValueSource type [class org.springframework.test.annotation.SystemProfileValueSource] for class [demo.Assignment2ApplicationTests]
22:25:40.889 [Test worker] DEBUG o.s.t.annotation.ProfileValueUtils - Retrieved @ProfileValueSourceConfiguration [null] for test class [demo.Assignment2ApplicationTests]
22:25:40.889 [Test worker] DEBUG o.s.t.annotation.ProfileValueUtils - Retrieved ProfileValueSource type [class org.springframework.test.annotation.SystemProfileValueSource] for class [demo.Assignment2ApplicationTests]
22:25:40.891 [Test worker] DEBUG o.s.t.annotation.ProfileValueUtils - Retrieved @ProfileValueSourceConfiguration [null] for test class [demo.Assignment2ApplicationTests]
22:25:40.891 [Test worker] DEBUG o.s.t.annotation.ProfileValueUtils - Retrieved ProfileValueSource type [class org.springframework.test.annotation.SystemProfileValueSource] for class [demo.Assignment2ApplicationTests]
22:25:40.894 [Test worker] DEBUG o.s.t.annotation.ProfileValueUtils - Retrieved @ProfileValueSourceConfiguration [null] for test class [demo.Assignment2ApplicationTests]
22:25:40.895 [Test worker] DEBUG o.s.t.annotation.ProfileValueUtils - Retrieved ProfileValueSource type [class org.springframework.test.annotation.SystemProfileValueSource] for class [demo.Assignment2ApplicationTests]
22:25:40.900 [Test worker] DEBUG o.s.t.c.s.DependencyInjectionTestExecutionListener - Performing dependency injection for test context [[DefaultTestContext@24642b28 testClass = Assignment2ApplicationTests, testInstance = demo.Assignment2ApplicationTests@2c4d61c2, testMethod = [null], testException = [null], mergedContextConfiguration = [MergedContextConfiguration@c4d1e47 testClass = Assignment2ApplicationTests, locations = '{}', classes = '{class demo.Assignment2Application}', contextInitializerClasses = '[]', activeProfiles = '{}', propertySourceLocations = '{}', propertySourceProperties = '{}', contextLoader = 'org.springframework.boot.test.SpringApplicationContextLoader', parent = [null]]]].
22:25:41.095 [Test worker] DEBUG o.s.core.env.StandardEnvironment - Adding [systemProperties] PropertySource with lowest search precedence
22:25:41.099 [Test worker] DEBUG o.s.core.env.StandardEnvironment - Adding [systemEnvironment] PropertySource with lowest search precedence
22:25:41.100 [Test worker] DEBUG o.s.core.env.StandardEnvironment - Initialized StandardEnvironment with PropertySources [systemProperties,systemEnvironment]
22:25:41.102 [Test worker] DEBUG o.s.core.env.StandardEnvironment - Adding [integrationTest] PropertySource with search precedence immediately lower than [systemEnvironment]

  .   ____          _            __ _ _
 /\\ / ___'_ __ _ _(_)_ __  __ _ \ \ \ \
( ( )\___ | '_ | '_| | '_ \/ _` | \ \ \ \
 \\/  ___)| |_)| | | | | || (_| |  ) ) ) )
  '  |____| .__|_| |_|_| |_\__, | / / / /
 =========|_|==============|___/=/_/_/_/
 :: Spring Boot ::        (v1.2.2.RELEASE)

2015-04-18 22:25:41.642  INFO 7608 --- [    Test worker] o.s.boot.SpringApplication               : Starting application on neha-PC with PID 7608 (C:\Users\neh\.gradle\caches\modules-2\files-2.1\org.springframework.boot\spring-boot\1.2.2.RELEASE\c2495d6c08c742743366f50e25ad76f5dfcd9f75\spring-boot-1.2.2.RELEASE.jar started by neh in C:\Neha\VidyaGhar\Workspace1\assignment2.1)
2015-04-18 22:25:41.773  INFO 7608 --- [    Test worker] s.c.a.AnnotationConfigApplicationContext : Refreshing org.springframework.context.annotation.AnnotationConfigApplicationContext@5190b512: startup date [Sat Apr 18 22:25:41 PDT 2015]; root of context hierarchy
2015-04-18 22:25:44.423  INFO 7608 --- [    Test worker] trationDelegate$BeanPostProcessorChecker : Bean 'org.springframework.scheduling.annotation.SchedulingConfiguration' of type [class org.springframework.scheduling.annotation.SchedulingConfiguration$$EnhancerBySpringCGLIB$$7ff76504] is not eligible for getting processed by all BeanPostProcessors (for example: not eligible for auto-proxying)
Checking for poll expiration...
In expired poll list method...
2015-04-18 22:25:46.781  INFO 7608 --- [    Test worker] o.s.boot.SpringApplication               : Started application in 5.673 seconds (JVM running for 7.866)
]]></system-out>
  <system-err><![CDATA[log4j:WARN No appenders could be found for logger (kafka.utils.VerifiableProperties).
log4j:WARN Please initialize the log4j system properly.
log4j:WARN See http://logging.apache.org/log4j/1.2/faq.html#noconfig for more info.
]]></system-err>
</testsuite>
